'\'Traceback (most recent call last):\\n  File "C:\\\\Users\\\\14917\\\\Desktop\\\\study\\\\PythonFramework0To1\\\\从0到1搭建自动化测试框架-原理-实现与工程实践\\\\Chapter13\\\\main.py", line 91, in func_run\\n    getattr(cls_instance, func.__name__).__wrapped__(cls_instance, *value)\\n  File "C:\\\\Users\\\\14917\\\\Desktop\\\\study\\\\PythonFramework0To1\\\\从0到1搭建自动化测试框架-原理-实现与工程实践\\\\Chapter13\\\\tests\\\\test_baidu.py", line 39, in test_baidu_search\\n    results = self.baidu.baidu_search(search_string)\\n              ^^^^^^^^^^^^^^^^^^^^^^^^^^^^^^^^^^^^^^\\n  File "C:\\\\Users\\\\14917\\\\Desktop\\\\study\\\\PythonFramework0To1\\\\从0到1搭建自动化测试框架-原理-实现与工程实践\\\\Chapter13\\\\pages\\\\baidu.py", line 33, in baidu_search\\n    search_results = self.driver.find_element(*self.first_result).get_attribute(\\\'innerHTML\\\')\\n                     ^^^^^^^^^^^^^^^^^^^^^^^^^^^^^^^^^^^^^^^^^^^^\\n  File "D:\\\\python_lib\\\\Python311\\\\Lib\\\\site-packages\\\\selenium\\\\webdriver\\\\remote\\\\webdriver.py", line 740, in find_element\\n    return self.execute(Command.FIND_ELEMENT, {"using": by, "value": value})["value"]\\n           ^^^^^^^^^^^^^^^^^^^^^^^^^^^^^^^^^^^^^^^^^^^^^^^^^^^^^^^^^^^^^^^^^\\n  File "D:\\\\python_lib\\\\Python311\\\\Lib\\\\site-packages\\\\selenium\\\\webdriver\\\\remote\\\\webdriver.py", line 346, in execute\\n    self.error_handler.check_response(response)\\n  File "D:\\\\python_lib\\\\Python311\\\\Lib\\\\site-packages\\\\selenium\\\\webdriver\\\\remote\\\\errorhandler.py", line 245, in check_response\\n    raise exception_class(message, screen, stacktrace)\\nselenium.common.exceptions.NoSuchElementException: Message: no such element: Unable to locate element: {"method":"xpath","selector":"//*[@id="1"]/h3/div/a"}\\n  (Session info: chrome=114.0.5735.134); For documentation on this error, please visit: https://www.selenium.dev/documentation/webdriver/troubleshooting/errors#no-such-element-exception\\nStacktrace:\\nBacktrace:\\n\\tGetHandleVerifier [0x0100A813+48355]\\n\\t(No symbol) [0x00F9C4B1]\\n\\t(No symbol) [0x00EA5358]\\n\\t(No symbol) [0x00ED09A5]\\n\\t(No symbol) [0x00ED0B3B]\\n\\t(No symbol) [0x00EFE232]\\n\\t(No symbol) [0x00EEA784]\\n\\t(No symbol) [0x00EFC922]\\n\\t(No symbol) [0x00EEA536]\\n\\t(No symbol) [0x00EC82DC]\\n\\t(No symbol) [0x00EC93DD]\\n\\tGetHandleVerifier [0x0126AABD+2539405]\\n\\tGetHandleVerifier [0x012AA78F+2800735]\\n\\tGetHandleVerifier [0x012A456C+2775612]\\n\\tGetHandleVerifier [0x010951E0+616112]\\n\\t(No symbol) [0x00FA5F8C]\\n\\t(No symbol) [0x00FA2328]\\n\\t(No symbol) [0x00FA240B]\\n\\t(No symbol) [0x00F94FF7]\\n\\tBaseThreadInitThunk [0x76587D59+25]\\n\\tRtlInitializeExceptionChain [0x776CB74B+107]\\n\\tRtlClearBits [0x776CB6CF+191]\\n\\n\''