'\'Traceback (most recent call last):\\n  File "C:\\\\Users\\\\14917\\\\Desktop\\\\study\\\\PythonFramework0To1\\\\从0到1搭建自动化测试框架-原理-实现与工程实践\\\\Chapter13\\\\main.py", line 91, in func_run\\n    getattr(cls_instance, func.__name__).__wrapped__(cls_instance, *value)\\n  File "C:\\\\Users\\\\14917\\\\Desktop\\\\study\\\\PythonFramework0To1\\\\从0到1搭建自动化测试框架-原理-实现与工程实践\\\\Chapter13\\\\tests\\\\test_baidu.py", line 39, in test_baidu_search\\n    results = self.baidu.baidu_search(search_string)\\n              ^^^^^^^^^^^^^^^^^^^^^^^^^^^^^^^^^^^^^^\\n  File "C:\\\\Users\\\\14917\\\\Desktop\\\\study\\\\PythonFramework0To1\\\\从0到1搭建自动化测试框架-原理-实现与工程实践\\\\Chapter13\\\\pages\\\\baidu.py", line 33, in baidu_search\\n    search_results = self.driver.find_element(*self.first_result).get_attribute(\\\'innerHTML\\\')\\n                     ^^^^^^^^^^^^^^^^^^^^^^^^^^^^^^^^^^^^^^^^^^^^\\n  File "D:\\\\python_lib\\\\Python311\\\\Lib\\\\site-packages\\\\selenium\\\\webdriver\\\\remote\\\\webdriver.py", line 740, in find_element\\n    return self.execute(Command.FIND_ELEMENT, {"using": by, "value": value})["value"]\\n           ^^^^^^^^^^^^^^^^^^^^^^^^^^^^^^^^^^^^^^^^^^^^^^^^^^^^^^^^^^^^^^^^^\\n  File "D:\\\\python_lib\\\\Python311\\\\Lib\\\\site-packages\\\\selenium\\\\webdriver\\\\remote\\\\webdriver.py", line 346, in execute\\n    self.error_handler.check_response(response)\\n  File "D:\\\\python_lib\\\\Python311\\\\Lib\\\\site-packages\\\\selenium\\\\webdriver\\\\remote\\\\errorhandler.py", line 245, in check_response\\n    raise exception_class(message, screen, stacktrace)\\nselenium.common.exceptions.NoSuchElementException: Message: no such element: Unable to locate element: {"method":"xpath","selector":"//*[@id="1"]/h3/div/a"}\\n  (Session info: chrome=114.0.5735.134); For documentation on this error, please visit: https://www.selenium.dev/documentation/webdriver/troubleshooting/errors#no-such-element-exception\\nStacktrace:\\nBacktrace:\\n\\tGetHandleVerifier [0x0112A813+48355]\\n\\t(No symbol) [0x010BC4B1]\\n\\t(No symbol) [0x00FC5358]\\n\\t(No symbol) [0x00FF09A5]\\n\\t(No symbol) [0x00FF0B3B]\\n\\t(No symbol) [0x0101E232]\\n\\t(No symbol) [0x0100A784]\\n\\t(No symbol) [0x0101C922]\\n\\t(No symbol) [0x0100A536]\\n\\t(No symbol) [0x00FE82DC]\\n\\t(No symbol) [0x00FE93DD]\\n\\tGetHandleVerifier [0x0138AABD+2539405]\\n\\tGetHandleVerifier [0x013CA78F+2800735]\\n\\tGetHandleVerifier [0x013C456C+2775612]\\n\\tGetHandleVerifier [0x011B51E0+616112]\\n\\t(No symbol) [0x010C5F8C]\\n\\t(No symbol) [0x010C2328]\\n\\t(No symbol) [0x010C240B]\\n\\t(No symbol) [0x010B4FF7]\\n\\tBaseThreadInitThunk [0x76587D59+25]\\n\\tRtlInitializeExceptionChain [0x776CB74B+107]\\n\\tRtlClearBits [0x776CB6CF+191]\\n\\n\''